{"/Users/febrianaditya/work/binar/kampusMerdeka7/chapter5/tdd/topicTdd/app.js": {"path":"/Users/febrianaditya/work/binar/kampusMerdeka7/chapter5/tdd/topicTdd/app.js","statementMap":{"0":{"start":{"line":1,"column":16},"end":{"line":1,"column":34}},"1":{"start":{"line":2,"column":12},"end":{"line":2,"column":21}},"2":{"start":{"line":3,"column":13},"end":{"line":3,"column":17}},"3":{"start":{"line":4,"column":15},"end":{"line":4,"column":34}},"4":{"start":{"line":6,"column":0},"end":{"line":6,"column":23}},"5":{"start":{"line":7,"column":0},"end":{"line":7,"column":47}},"6":{"start":{"line":9,"column":0},"end":{"line":9,"column":20}},"7":{"start":{"line":11,"column":0},"end":{"line":13,"column":2}},"8":{"start":{"line":12,"column":2},"end":{"line":12,"column":54}},"9":{"start":{"line":15,"column":0},"end":{"line":15,"column":20}}},"fnMap":{"0":{"name":"(anonymous_0)","decl":{"start":{"line":11,"column":17},"end":{"line":11,"column":18}},"loc":{"start":{"line":11,"column":23},"end":{"line":13,"column":1}},"line":11}},"branchMap":{},"s":{"0":1,"1":1,"2":1,"3":1,"4":1,"5":1,"6":1,"7":1,"8":1,"9":1},"f":{"0":1},"b":{},"_coverageSchema":"1a1c01bbd47fc00a2c39e90264f33305004495a9","hash":"0db4a2bb214138cab1bc58e238360de46ed53f25"}
,"/Users/febrianaditya/work/binar/kampusMerdeka7/chapter5/tdd/topicTdd/controllers/baseControllers.js": {"path":"/Users/febrianaditya/work/binar/kampusMerdeka7/chapter5/tdd/topicTdd/controllers/baseControllers.js","statementMap":{"0":{"start":{"line":6,"column":25},"end":{"line":8,"column":9}},"1":{"start":{"line":9,"column":8},"end":{"line":9,"column":38}},"2":{"start":{"line":16,"column":35},"end":{"line":16,"column":43}},"3":{"start":{"line":20,"column":23},"end":{"line":20,"column":38}},"4":{"start":{"line":21,"column":8},"end":{"line":21,"column":40}},"5":{"start":{"line":25,"column":0},"end":{"line":25,"column":32}}},"fnMap":{"0":{"name":"(anonymous_0)","decl":{"start":{"line":5,"column":4},"end":{"line":5,"column":5}},"loc":{"start":{"line":5,"column":30},"end":{"line":10,"column":5}},"line":5},"1":{"name":"(anonymous_1)","decl":{"start":{"line":13,"column":4},"end":{"line":13,"column":5}},"loc":{"start":{"line":13,"column":25},"end":{"line":22,"column":5}},"line":13}},"branchMap":{},"s":{"0":0,"1":0,"2":0,"3":0,"4":0,"5":1},"f":{"0":0,"1":0},"b":{},"_coverageSchema":"1a1c01bbd47fc00a2c39e90264f33305004495a9","hash":"ba22959b1f913deb01753a2e5513fdc3febfc019"}
,"/Users/febrianaditya/work/binar/kampusMerdeka7/chapter5/tdd/topicTdd/controllers/userControllers.js": {"path":"/Users/febrianaditya/work/binar/kampusMerdeka7/chapter5/tdd/topicTdd/controllers/userControllers.js","statementMap":{"0":{"start":{"line":1,"column":11},"end":{"line":1,"column":24}},"1":{"start":{"line":2,"column":18},"end":{"line":2,"column":65}},"2":{"start":{"line":8,"column":31},"end":{"line":8,"column":52}},"3":{"start":{"line":11,"column":8},"end":{"line":11,"column":44}},"4":{"start":{"line":17,"column":0},"end":{"line":17,"column":32}}},"fnMap":{"0":{"name":"(anonymous_0)","decl":{"start":{"line":6,"column":4},"end":{"line":6,"column":5}},"loc":{"start":{"line":6,"column":37},"end":{"line":13,"column":5}},"line":6}},"branchMap":{},"s":{"0":1,"1":1,"2":1,"3":1,"4":1},"f":{"0":1},"b":{},"_coverageSchema":"1a1c01bbd47fc00a2c39e90264f33305004495a9","hash":"7f42b6ec2ece9e0928504167d009caa4edc5895a"}
,"/Users/febrianaditya/work/binar/kampusMerdeka7/chapter5/tdd/topicTdd/routes/index.js": {"path":"/Users/febrianaditya/work/binar/kampusMerdeka7/chapter5/tdd/topicTdd/routes/index.js","statementMap":{"0":{"start":{"line":1,"column":16},"end":{"line":1,"column":34}},"1":{"start":{"line":2,"column":15},"end":{"line":2,"column":31}},"2":{"start":{"line":3,"column":24},"end":{"line":3,"column":65}},"3":{"start":{"line":4,"column":24},"end":{"line":4,"column":65}},"4":{"start":{"line":7,"column":0},"end":{"line":9,"column":2}},"5":{"start":{"line":8,"column":4},"end":{"line":8,"column":44}},"6":{"start":{"line":12,"column":0},"end":{"line":12,"column":40}},"7":{"start":{"line":15,"column":0},"end":{"line":15,"column":53}},"8":{"start":{"line":17,"column":0},"end":{"line":17,"column":23}}},"fnMap":{"0":{"name":"(anonymous_0)","decl":{"start":{"line":7,"column":16},"end":{"line":7,"column":17}},"loc":{"start":{"line":7,"column":30},"end":{"line":9,"column":1}},"line":7}},"branchMap":{},"s":{"0":1,"1":1,"2":1,"3":1,"4":1,"5":0,"6":1,"7":1,"8":1},"f":{"0":0},"b":{},"_coverageSchema":"1a1c01bbd47fc00a2c39e90264f33305004495a9","hash":"f25ef36a31589edab820e80263c4ce7de049f94c"}
}
